<?xml version="1.0" encoding="UTF-8"?>
<testng-results ignored="0" total="1" passed="1" failed="0" skipped="0">
  <reporter-output>
  </reporter-output>
  <suite started-at="2022-11-20T20:19:13 IST" name="Default suite" finished-at="2022-11-20T20:19:33 IST" duration-ms="20030">
    <groups>
    </groups>
    <test started-at="2022-11-20T20:19:13 IST" name="Default test" finished-at="2022-11-20T20:19:33 IST" duration-ms="20030">
      <class name="com.data_drivern_framework.Test.login_test">
        <test-method is-config="true" signature="initBrowser()[pri:0, instance:com.data_drivern_framework.Test.login_test@639c2c1d]" started-at="2022-11-20T20:19:13 IST" name="initBrowser" finished-at="2022-11-20T20:19:31 IST" duration-ms="17726" status="PASS">
          <reporter-output>
          </reporter-output>
        </test-method> <!-- initBrowser -->
        <test-method signature="enterCred(java.lang.String,java.lang.String)[pri:0, instance:com.data_drivern_framework.Test.login_test@639c2c1d]" started-at="2022-11-20T20:19:32 IST" name="enterCred" data-provider="testdata" finished-at="2022-11-20T20:19:33 IST" duration-ms="561" status="PASS">
          <params>
            <param index="0">
              <value>
                <![CDATA[Admin]]>
              </value>
            </param>
            <param index="1">
              <value>
                <![CDATA[admin123]]>
              </value>
            </param>
          </params>
          <reporter-output>
          </reporter-output>
        </test-method> <!-- enterCred -->
      </class> <!-- com.data_drivern_framework.Test.login_test -->
    </test> <!-- Default test -->
  </suite> <!-- Default suite -->
</testng-results>
